\BOOKMARK [0][-]{chapter.1}{\376\377\140\073\117\123\177\216\147\057\230\316\150\074}{}% 1
\BOOKMARK [1][-]{section.1.1}{\376\377\230\316\150\074\133\232\117\115}{chapter.1}% 2
\BOOKMARK [1][-]{section.1.2}{\376\377\202\162\214\003\117\123\174\373}{chapter.1}% 3
\BOOKMARK [1][-]{section.1.3}{\376\377\121\111\161\147\123\237\122\031}{chapter.1}% 4
\BOOKMARK [0][-]{chapter.2}{\376\377\211\322\202\162\123\237\165\073\377\032\121\153\117\115\226\220\205\317\200\114\116\032}{}% 5
\BOOKMARK [1][-]{section.2.1}{\376\377\220\032\165\050\211\201\154\102}{chapter.2}% 6
\BOOKMARK [1][-]{section.2.2}{\376\377\206\200\200\005\000\040\000C\000O\000R\000R\000U\000P\000T\000E\000D}{chapter.2}% 7
\BOOKMARK [1][-]{section.2.3}{\376\377\121\245\120\347\116\272\000\040\000N\000E\000T\000H\000E\000R\000\040\000M\000O\000N\000K}{chapter.2}% 8
\BOOKMARK [1][-]{section.2.4}{\376\377\136\067\136\125\133\146\200\005\000\040\000V\000E\000I\000L\000\040\000S\000C\000H\000O\000L\000A\000R}{chapter.2}% 9
\BOOKMARK [1][-]{section.2.5}{\376\377\203\111\203\157\133\146\200\005\000\040\000H\000E\000R\000B\000A\000L\000\040\000S\000A\000G\000E}{chapter.2}% 10
\BOOKMARK [1][-]{section.2.6}{\376\377\141\010\160\165\136\010\000\040\000S\000P\000I\000R\000I\000T\000\040\000M\000E\000N\000D\000E\000R}{chapter.2}% 11
\BOOKMARK [1][-]{section.2.7}{\376\377\136\067\136\125\133\210\123\153\000\040\000V\000E\000I\000L\000\040\000G\000U\000A\000R\000D\000I\000A\000N}{chapter.2}% 12
\BOOKMARK [1][-]{section.2.8}{\376\377\160\165\165\325\217\375\163\016\200\005\000\040\000F\000L\000A\000M\000E\000\040\000T\000R\000A\000C\000K\000E\000R}{chapter.2}% 13
\BOOKMARK [1][-]{section.2.9}{\376\377\160\165\176\307\200\005\000\040\000S\000P\000I\000R\000I\000T\000\040\000W\000E\000A\000V\000E\000R}{chapter.2}% 14
\BOOKMARK [0][-]{chapter.3}{\376\377\211\322\202\162\123\237\165\073\377\032\123\101\116\224\117\115\233\102\123\160\200\005\377\010\210\150\134\102\216\253\116\375\377\011}{}% 15
\BOOKMARK [1][-]{section.3.1}{\376\377\220\032\165\050\211\201\154\102}{chapter.3}% 16
\BOOKMARK [1][-]{section.3.2}{\376\377\227\034\201\012\214\061\174\373}{chapter.3}% 17
\BOOKMARK [2][-]{subsection.3.2.1}{\376\377\211\177\150\074\137\267\000\040\000S\000I\000G\000U\000R\000D\000\040\040\024\040\024\000\040\147\000\124\016\166\204\227\034\201\012\163\016\142\113}{section.3.2}% 18
\BOOKMARK [2][-]{subsection.3.2.2}{\376\377\202\231\205\176\176\364\132\005\000\040\000F\000R\000E\000Y\000V\000I\000A\000\040\040\024\040\024\000\040\123\116\176\263\220\127\133\144}{section.3.2}% 19
\BOOKMARK [2][-]{subsection.3.2.3}{\376\377\124\310\134\024\164\346\137\267\000\040\000H\000A\000L\000V\000A\000R\000D\000\040\040\024\040\024\000\040\210\302\226\231\116\113\133\120}{section.3.2}% 20
\BOOKMARK [1][-]{section.3.3}{\376\377\177\340\136\255\214\061\174\373}{chapter.3}% 21
\BOOKMARK [2][-]{subsection.3.3.1}{\376\377\203\253\203\211\133\211\000\040\000M\000O\000R\000I\000G\000H\000A\000N\000\040\040\024\040\024\000\040\147\000\124\016\166\204\137\267\234\201\117\012}{section.3.3}% 22
\BOOKMARK [2][-]{subsection.3.3.2}{\376\377\136\003\116\075\124\011\137\267\000\040\000B\000R\000I\000G\000I\000D\000\040\040\024\040\024\000\040\127\043\160\153\171\155\123\370}{section.3.3}% 23
\BOOKMARK [1][-]{section.3.4}{\376\377\210\302\227\006\214\061\174\373}{chapter.3}% 24
\BOOKMARK [2][-]{subsection.3.4.1}{\376\377\215\153\121\113\142\130\000\040\000H\000E\000C\000T\000O\000R\000\040\040\024\040\024\000\040\162\171\155\033\117\012\116\113\166\376}{section.3.4}% 25
\BOOKMARK [1][-]{section.3.5}{\376\377\221\321\154\231\214\061\174\373}{chapter.3}% 26
\BOOKMARK [2][-]{subsection.3.5.1}{\376\377\123\141\215\153\162\171\000\040\000K\000A\000H\000E\000T\000\040\040\024\040\024\000\040\121\245\220\024\137\025\156\041\200\005}{section.3.5}% 27
\BOOKMARK [1][-]{section.3.6}{\376\377\166\175\167\363\214\061\174\373}{chapter.3}% 28
\BOOKMARK [2][-]{subsection.3.6.1}{\376\377\177\127\141\125\215\357\145\257\000\040\000R\000O\000M\000U\000L\000U\000S\000\040\040\024\040\024\000\040\123\314\221\315\160\165\161\060\200\005}{section.3.6}% 29
\BOOKMARK [1][-]{section.3.7}{\376\377\154\070\121\254\214\061\174\373}{chapter.3}% 30
\BOOKMARK [2][-]{subsection.3.7.1}{\376\377\145\257\123\141\204\202\000\040\000S\000K\000A\000D\000I\000\040\040\024\040\024\000\040\226\352\134\161\163\016\142\113}{section.3.7}% 31
\BOOKMARK [1][-]{section.3.8}{\376\377\160\160\127\337\214\061\174\373}{chapter.3}% 32
\BOOKMARK [2][-]{subsection.3.8.1}{\376\377\117\012\164\137\134\024\000\040\000Y\000S\000E\000R\000A\000\040\040\024\040\024\000\040\146\227\137\161\176\307\177\121\200\005}{section.3.8}% 33
\BOOKMARK [1][-]{section.3.9}{\376\377\167\377\201\011\214\061\174\373}{chapter.3}% 34
\BOOKMARK [2][-]{subsection.3.9.1}{\376\377\150\074\117\046\000\040\000G\000O\000R\000E\000N\000\040\040\024\040\024\000\040\160\165\215\050\225\073\165\062\136\010}{section.3.9}% 35
\BOOKMARK [1][-]{section.3.10}{\376\377\232\250\160\160\214\061\174\373}{chapter.3}% 36
\BOOKMARK [2][-]{subsection.3.10.1}{\376\377\202\176\164\063\000\040\000A\000I\000L\000I\000N\000\040\040\024\040\024\000\040\133\210\130\223\116\272}{section.3.10}% 37
\BOOKMARK [1][-]{section.3.11}{\376\377\165\276\230\316\214\061\174\373}{chapter.3}% 38
\BOOKMARK [2][-]{subsection.3.11.1}{\376\377\131\145\221\314\121\113\000\040\000O\000R\000I\000C\000\040\040\024\040\024\000\040\165\276\230\316\117\341\117\177}{section.3.11}% 39
\BOOKMARK [1][-]{section.3.12}{\376\377\211\302\155\113\214\061\174\373}{chapter.3}% 40
\BOOKMARK [2][-]{subsection.3.12.1}{\376\377\131\110\203\211\132\005\000\040\000N\000E\000L\000I\000A\000\040\040\024\040\024\000\040\136\067\136\125\133\146\200\005\377\010\131\313\171\126\377\011}{section.3.12}% 41
\BOOKMARK [0][-]{chapter.4}{\376\377\127\072\146\157\123\237\165\073}{}% 42
\BOOKMARK [1][-]{section.4.1}{\376\377\146\256\202\162\200\132\204\075\121\150\146\157}{chapter.4}% 43
\BOOKMARK [1][-]{section.4.2}{\376\377\211\302\155\113\130\124}{chapter.4}% 44
\BOOKMARK [1][-]{section.4.3}{\376\377\200\132\204\075\136\177\127\072}{chapter.4}% 45
\BOOKMARK [1][-]{section.4.4}{\376\377\210\100\147\010\116\113\131\034}{chapter.4}% 46
\BOOKMARK [0][-]{chapter.5}{\376\377\000U\000I\121\103\175\040\123\237\165\073}{}% 47
\BOOKMARK [1][-]{section.5.1}{\376\377\211\322\202\162\123\141\162\107\150\106\147\266}{chapter.5}% 48
\BOOKMARK [1][-]{section.5.2}{\376\377\160\165\161\060\126\376\150\007}{chapter.5}% 49
\BOOKMARK [1][-]{section.5.3}{\376\377\200\114\116\032\126\376\150\007\377\010\0008\147\232\377\011}{chapter.5}% 50
\BOOKMARK [1][-]{section.5.4}{\376\377\145\076\220\020\210\301\121\263\165\114\227\142}{chapter.5}% 51
\BOOKMARK [1][-]{section.5.5}{\376\377\160\165\161\060\127\060\126\376\377\010\134\017\127\060\126\376\377\011}{chapter.5}% 52
\BOOKMARK [0][-]{chapter.6}{\376\377\143\322\126\376\227\000\154\102\154\107\140\073}{}% 53
\BOOKMARK [0][-]{chapter.7}{\376\377\116\244\116\330\150\074\137\017}{}% 54
